\BOOKMARK [0][-]{chapter*.2}{Preliminary\040remarks}{}% 1
\BOOKMARK [0][-]{chapter.1}{Introduction}{}% 2
\BOOKMARK [1][-]{section.1.1}{Basics\040of\040R}{chapter.1}% 3
\BOOKMARK [1][-]{section.1.2}{Tutorial\0401}{chapter.1}% 4
\BOOKMARK [1][-]{section.1.3}{Exercises}{chapter.1}% 5
\BOOKMARK [1][-]{section.1.4}{Solutions}{chapter.1}% 6
\BOOKMARK [1][-]{section.1.5}{Summary\040of\040week\0401}{chapter.1}% 7
\BOOKMARK [0][-]{chapter.2}{Computational\040considerations}{}% 8
\BOOKMARK [1][-]{section.2.1}{Calculation\040of\040least\040square\040estimates}{chapter.2}% 9
\BOOKMARK [1][-]{section.2.2}{Interpretation\040of\040the\040coefficients}{chapter.2}% 10
\BOOKMARK [1][-]{section.2.3}{The\040lm\040function}{chapter.2}% 11
\BOOKMARK [1][-]{section.2.4}{Parameter\040estimation}{chapter.2}% 12
\BOOKMARK [1][-]{section.2.5}{The\040hyperplane\040of\040fitted\040values}{chapter.2}% 13
\BOOKMARK [1][-]{section.2.6}{\(Centered\)\040coefficient\040of\040determination}{chapter.2}% 14
\BOOKMARK [1][-]{section.2.7}{Summary\040of\040week\0402}{chapter.2}% 15
\BOOKMARK [1][-]{section.2.8}{Solutions}{chapter.2}% 16
\BOOKMARK [0][-]{chapter.3}{Frisch–Waugh–Lovell theorem}{}% 17
\BOOKMARK [1][-]{section.3.1}{Revisiting\040the\040interpretation\040of\040the\040parameters\040of\040a\040linear\040model}{chapter.3}% 18
\BOOKMARK [1][-]{section.3.2}{Factors}{chapter.3}% 19
\BOOKMARK [1][-]{section.3.3}{Example:\040seasonal\040effects}{chapter.3}% 20
\BOOKMARK [1][-]{section.3.4}{Solutions}{chapter.3}% 21
\BOOKMARK [0][-]{chapter.4}{Gaussian\040linear\040model}{}% 22
\BOOKMARK [1][-]{section.4.1}{Confidence\040and\040prediction\040intervals}{chapter.4}% 23
\BOOKMARK [1][-]{section.4.2}{Residuals}{chapter.4}% 24
\BOOKMARK [1][-]{section.4.3}{Diagnostic\040plots}{chapter.4}% 25
\BOOKMARK [1][-]{section.4.4}{Quantile-quantile\040plots}{chapter.4}% 26
\BOOKMARK [1][-]{section.4.5}{Solutions}{chapter.4}% 27
\BOOKMARK [0][-]{chapter.5}{Analysis\040of\040variance}{}% 28
\BOOKMARK [1][-]{section.5.1}{Sum\040of\040squares\040decomposition}{chapter.5}% 29
\BOOKMARK [1][-]{section.5.2}{One-way\040ANOVA}{chapter.5}% 30
\BOOKMARK [0][-]{chapter.6}{Hypothesis\040testing}{}% 31
